2024-12-20T17:34:08.280-03:00  INFO 32748 --- [msclientes] [main] i.g.m.m.MsclientesApplicationTests       : Starting MsclientesApplicationTests using Java 17.0.10 with PID 32748 (started by pc in C:\Users\pc\Desktop\Compass\Mensageria e Spring Cloud\projeto-micro-servicos\msclientes)
2024-12-20T17:34:08.281-03:00  INFO 32748 --- [msclientes] [main] i.g.m.m.MsclientesApplicationTests       : No active profile set, falling back to 1 default profile: "default"
2024-12-20T17:34:09.492-03:00  INFO 32748 --- [msclientes] [main] .s.d.r.c.RepositoryConfigurationDelegate : Bootstrapping Spring Data JPA repositories in DEFAULT mode.
2024-12-20T17:34:09.644-03:00  INFO 32748 --- [msclientes] [main] .s.d.r.c.RepositoryConfigurationDelegate : Finished Spring Data repository scanning in 141 ms. Found 1 JPA repository interface.
2024-12-20T17:34:09.891-03:00  INFO 32748 --- [msclientes] [main] o.s.cloud.context.scope.GenericScope     : BeanFactory id=fd71119a-d10a-38f4-bcb9-e256ce1cb413
2024-12-20T17:34:10.462-03:00  INFO 32748 --- [msclientes] [main] com.zaxxer.hikari.HikariDataSource       : HikariPool-1 - Starting...
2024-12-20T17:34:10.662-03:00  INFO 32748 --- [msclientes] [main] com.zaxxer.hikari.pool.HikariPool        : HikariPool-1 - Added connection conn0: url=jdbc:h2:mem:5f6d4085-6a58-47d1-8b09-0d5319f0dbf0 user=SA
2024-12-20T17:34:10.665-03:00  INFO 32748 --- [msclientes] [main] com.zaxxer.hikari.HikariDataSource       : HikariPool-1 - Start completed.
2024-12-20T17:34:10.730-03:00  INFO 32748 --- [msclientes] [main] o.hibernate.jpa.internal.util.LogHelper  : HHH000204: Processing PersistenceUnitInfo [name: default]
2024-12-20T17:34:10.812-03:00  INFO 32748 --- [msclientes] [main] org.hibernate.Version                    : HHH000412: Hibernate ORM core version 6.6.2.Final
2024-12-20T17:34:10.857-03:00  INFO 32748 --- [msclientes] [main] o.h.c.internal.RegionFactoryInitiator    : HHH000026: Second-level cache disabled
2024-12-20T17:34:11.171-03:00  INFO 32748 --- [msclientes] [main] o.s.o.j.p.SpringPersistenceUnitInfo      : No LoadTimeWeaver setup: ignoring JPA class transformer
2024-12-20T17:34:11.250-03:00  INFO 32748 --- [msclientes] [main] org.hibernate.orm.connections.pooling    : HHH10001005: Database info:
	Database JDBC URL [Connecting through datasource 'HikariDataSource (HikariPool-1)']
	Database driver: undefined/unknown
	Database version: 2.3.232
	Autocommit mode: undefined/unknown
	Isolation level: undefined/unknown
	Minimum pool size: undefined/unknown
	Maximum pool size: undefined/unknown
2024-12-20T17:34:12.025-03:00  INFO 32748 --- [msclientes] [main] o.h.e.t.j.p.i.JtaPlatformInitiator       : HHH000489: No JTA platform available (set 'hibernate.transaction.jta.platform' to enable JTA platform integration)
2024-12-20T17:34:12.059-03:00  INFO 32748 --- [msclientes] [main] j.LocalContainerEntityManagerFactoryBean : Initialized JPA EntityManagerFactory for persistence unit 'default'
2024-12-20T17:34:12.641-03:00  WARN 32748 --- [msclientes] [main] JpaBaseConfiguration$JpaWebConfiguration : spring.jpa.open-in-view is enabled by default. Therefore, database queries may be performed during view rendering. Explicitly configure spring.jpa.open-in-view to disable this warning
2024-12-20T17:34:13.839-03:00  INFO 32748 --- [msclientes] [main] DiscoveryClientOptionalArgsConfiguration : Eureka HTTP Client uses RestTemplate.
2024-12-20T17:34:13.903-03:00  WARN 32748 --- [msclientes] [main] iguration$LoadBalancerCaffeineWarnLogger : Spring Cloud LoadBalancer is currently working with the default cache. While this cache implementation is useful for development and tests, it's recommended to use Caffeine cache in production.You can switch to using Caffeine cache, by adding it and org.springframework.cache.caffeine.CaffeineCacheManager to the classpath.
2024-12-20T17:34:13.915-03:00  INFO 32748 --- [msclientes] [main] o.s.b.a.e.web.EndpointLinksResolver      : Exposing 1 endpoint beneath base path '/actuator'
2024-12-20T17:34:14.011-03:00  INFO 32748 --- [msclientes] [main] i.g.m.m.MsclientesApplicationTests       : Started MsclientesApplicationTests in 6.222 seconds (process running for 7.339)
2024-12-20T17:34:14.515-03:00  INFO 32748 --- [msclientes] [SpringApplicationShutdownHook] o.s.c.n.eureka.InstanceInfoFactory       : Setting initial instance status as: STARTING
2024-12-20T17:34:14.517-03:00  INFO 32748 --- [msclientes] [SpringApplicationShutdownHook] o.s.c.n.e.s.EurekaServiceRegistry        : Unregistering application MSCLIENTES with eureka with status DOWN
2024-12-20T17:34:14.524-03:00  INFO 32748 --- [msclientes] [SpringApplicationShutdownHook] j.LocalContainerEntityManagerFactoryBean : Closing JPA EntityManagerFactory for persistence unit 'default'
2024-12-20T17:34:14.529-03:00  INFO 32748 --- [msclientes] [SpringApplicationShutdownHook] com.zaxxer.hikari.HikariDataSource       : HikariPool-1 - Shutdown initiated...
2024-12-20T17:34:14.533-03:00  INFO 32748 --- [msclientes] [SpringApplicationShutdownHook] com.zaxxer.hikari.HikariDataSource       : HikariPool-1 - Shutdown completed.
2024-12-20T17:39:44.988-03:00  INFO 25444 --- [msclientes] [main] i.g.m.m.MsclientesApplicationTests       : Starting MsclientesApplicationTests using Java 17.0.10 with PID 25444 (started by pc in C:\Users\pc\Desktop\Compass\Mensageria e Spring Cloud\projeto-micro-servicos\msclientes)
2024-12-20T17:39:44.989-03:00  INFO 25444 --- [msclientes] [main] i.g.m.m.MsclientesApplicationTests       : No active profile set, falling back to 1 default profile: "default"
2024-12-20T17:39:46.002-03:00  INFO 25444 --- [msclientes] [main] .s.d.r.c.RepositoryConfigurationDelegate : Bootstrapping Spring Data JPA repositories in DEFAULT mode.
2024-12-20T17:39:46.161-03:00  INFO 25444 --- [msclientes] [main] .s.d.r.c.RepositoryConfigurationDelegate : Finished Spring Data repository scanning in 144 ms. Found 1 JPA repository interface.
2024-12-20T17:39:46.407-03:00  INFO 25444 --- [msclientes] [main] o.s.cloud.context.scope.GenericScope     : BeanFactory id=fd71119a-d10a-38f4-bcb9-e256ce1cb413
2024-12-20T17:39:46.952-03:00  INFO 25444 --- [msclientes] [main] com.zaxxer.hikari.HikariDataSource       : HikariPool-1 - Starting...
2024-12-20T17:39:47.137-03:00  INFO 25444 --- [msclientes] [main] com.zaxxer.hikari.pool.HikariPool        : HikariPool-1 - Added connection conn0: url=jdbc:h2:mem:f5eb6e37-a8ee-4aeb-bcb8-e7b098de73f3 user=SA
2024-12-20T17:39:47.138-03:00  INFO 25444 --- [msclientes] [main] com.zaxxer.hikari.HikariDataSource       : HikariPool-1 - Start completed.
2024-12-20T17:39:47.215-03:00  INFO 25444 --- [msclientes] [main] o.hibernate.jpa.internal.util.LogHelper  : HHH000204: Processing PersistenceUnitInfo [name: default]
2024-12-20T17:39:47.283-03:00  INFO 25444 --- [msclientes] [main] org.hibernate.Version                    : HHH000412: Hibernate ORM core version 6.6.2.Final
2024-12-20T17:39:47.320-03:00  INFO 25444 --- [msclientes] [main] o.h.c.internal.RegionFactoryInitiator    : HHH000026: Second-level cache disabled
2024-12-20T17:39:47.589-03:00  INFO 25444 --- [msclientes] [main] o.s.o.j.p.SpringPersistenceUnitInfo      : No LoadTimeWeaver setup: ignoring JPA class transformer
2024-12-20T17:39:47.667-03:00  INFO 25444 --- [msclientes] [main] org.hibernate.orm.connections.pooling    : HHH10001005: Database info:
	Database JDBC URL [Connecting through datasource 'HikariDataSource (HikariPool-1)']
	Database driver: undefined/unknown
	Database version: 2.3.232
	Autocommit mode: undefined/unknown
	Isolation level: undefined/unknown
	Minimum pool size: undefined/unknown
	Maximum pool size: undefined/unknown
2024-12-20T17:39:48.374-03:00  INFO 25444 --- [msclientes] [main] o.h.e.t.j.p.i.JtaPlatformInitiator       : HHH000489: No JTA platform available (set 'hibernate.transaction.jta.platform' to enable JTA platform integration)
2024-12-20T17:39:48.404-03:00  INFO 25444 --- [msclientes] [main] j.LocalContainerEntityManagerFactoryBean : Initialized JPA EntityManagerFactory for persistence unit 'default'
2024-12-20T17:39:48.918-03:00  WARN 25444 --- [msclientes] [main] JpaBaseConfiguration$JpaWebConfiguration : spring.jpa.open-in-view is enabled by default. Therefore, database queries may be performed during view rendering. Explicitly configure spring.jpa.open-in-view to disable this warning
2024-12-20T17:39:50.036-03:00  INFO 25444 --- [msclientes] [main] DiscoveryClientOptionalArgsConfiguration : Eureka HTTP Client uses RestTemplate.
2024-12-20T17:39:50.099-03:00  WARN 25444 --- [msclientes] [main] iguration$LoadBalancerCaffeineWarnLogger : Spring Cloud LoadBalancer is currently working with the default cache. While this cache implementation is useful for development and tests, it's recommended to use Caffeine cache in production.You can switch to using Caffeine cache, by adding it and org.springframework.cache.caffeine.CaffeineCacheManager to the classpath.
2024-12-20T17:39:50.109-03:00  INFO 25444 --- [msclientes] [main] o.s.b.a.e.web.EndpointLinksResolver      : Exposing 1 endpoint beneath base path '/actuator'
2024-12-20T17:39:50.201-03:00  INFO 25444 --- [msclientes] [main] i.g.m.m.MsclientesApplicationTests       : Started MsclientesApplicationTests in 5.668 seconds (process running for 6.707)
2024-12-20T17:39:50.766-03:00  INFO 25444 --- [msclientes] [SpringApplicationShutdownHook] o.s.c.n.eureka.InstanceInfoFactory       : Setting initial instance status as: STARTING
2024-12-20T17:39:50.768-03:00  INFO 25444 --- [msclientes] [SpringApplicationShutdownHook] o.s.c.n.e.s.EurekaServiceRegistry        : Unregistering application MSCLIENTES with eureka with status DOWN
2024-12-20T17:39:50.773-03:00  INFO 25444 --- [msclientes] [SpringApplicationShutdownHook] j.LocalContainerEntityManagerFactoryBean : Closing JPA EntityManagerFactory for persistence unit 'default'
2024-12-20T17:39:50.778-03:00  INFO 25444 --- [msclientes] [SpringApplicationShutdownHook] com.zaxxer.hikari.HikariDataSource       : HikariPool-1 - Shutdown initiated...
2024-12-20T17:39:50.781-03:00  INFO 25444 --- [msclientes] [SpringApplicationShutdownHook] com.zaxxer.hikari.HikariDataSource       : HikariPool-1 - Shutdown completed.
2024-12-20T17:41:44.743-03:00  INFO 32428 --- [msclientes] [main] i.g.m.m.MsclientesApplicationTests       : Starting MsclientesApplicationTests using Java 17.0.10 with PID 32428 (started by pc in C:\Users\pc\Desktop\Compass\Mensageria e Spring Cloud\projeto-micro-servicos\msclientes)
2024-12-20T17:41:44.744-03:00  INFO 32428 --- [msclientes] [main] i.g.m.m.MsclientesApplicationTests       : No active profile set, falling back to 1 default profile: "default"
2024-12-20T17:41:45.749-03:00  INFO 32428 --- [msclientes] [main] .s.d.r.c.RepositoryConfigurationDelegate : Bootstrapping Spring Data JPA repositories in DEFAULT mode.
2024-12-20T17:41:45.885-03:00  INFO 32428 --- [msclientes] [main] .s.d.r.c.RepositoryConfigurationDelegate : Finished Spring Data repository scanning in 127 ms. Found 1 JPA repository interface.
2024-12-20T17:41:46.119-03:00  INFO 32428 --- [msclientes] [main] o.s.cloud.context.scope.GenericScope     : BeanFactory id=fd71119a-d10a-38f4-bcb9-e256ce1cb413
2024-12-20T17:41:46.629-03:00  INFO 32428 --- [msclientes] [main] com.zaxxer.hikari.HikariDataSource       : HikariPool-1 - Starting...
2024-12-20T17:41:46.833-03:00  INFO 32428 --- [msclientes] [main] com.zaxxer.hikari.pool.HikariPool        : HikariPool-1 - Added connection conn0: url=jdbc:h2:mem:fa840650-0729-44dc-afcf-c3c70fcb9f48 user=SA
2024-12-20T17:41:46.836-03:00  INFO 32428 --- [msclientes] [main] com.zaxxer.hikari.HikariDataSource       : HikariPool-1 - Start completed.
2024-12-20T17:41:46.912-03:00  INFO 32428 --- [msclientes] [main] o.hibernate.jpa.internal.util.LogHelper  : HHH000204: Processing PersistenceUnitInfo [name: default]
2024-12-20T17:41:46.993-03:00  INFO 32428 --- [msclientes] [main] org.hibernate.Version                    : HHH000412: Hibernate ORM core version 6.6.2.Final
2024-12-20T17:41:47.027-03:00  INFO 32428 --- [msclientes] [main] o.h.c.internal.RegionFactoryInitiator    : HHH000026: Second-level cache disabled
2024-12-20T17:41:47.324-03:00  INFO 32428 --- [msclientes] [main] o.s.o.j.p.SpringPersistenceUnitInfo      : No LoadTimeWeaver setup: ignoring JPA class transformer
2024-12-20T17:41:47.415-03:00  INFO 32428 --- [msclientes] [main] org.hibernate.orm.connections.pooling    : HHH10001005: Database info:
	Database JDBC URL [Connecting through datasource 'HikariDataSource (HikariPool-1)']
	Database driver: undefined/unknown
	Database version: 2.3.232
	Autocommit mode: undefined/unknown
	Isolation level: undefined/unknown
	Minimum pool size: undefined/unknown
	Maximum pool size: undefined/unknown
2024-12-20T17:41:48.115-03:00  INFO 32428 --- [msclientes] [main] o.h.e.t.j.p.i.JtaPlatformInitiator       : HHH000489: No JTA platform available (set 'hibernate.transaction.jta.platform' to enable JTA platform integration)
2024-12-20T17:41:48.149-03:00  INFO 32428 --- [msclientes] [main] j.LocalContainerEntityManagerFactoryBean : Initialized JPA EntityManagerFactory for persistence unit 'default'
2024-12-20T17:41:48.664-03:00  WARN 32428 --- [msclientes] [main] JpaBaseConfiguration$JpaWebConfiguration : spring.jpa.open-in-view is enabled by default. Therefore, database queries may be performed during view rendering. Explicitly configure spring.jpa.open-in-view to disable this warning
2024-12-20T17:41:49.780-03:00  INFO 32428 --- [msclientes] [main] DiscoveryClientOptionalArgsConfiguration : Eureka HTTP Client uses RestTemplate.
2024-12-20T17:41:49.843-03:00  WARN 32428 --- [msclientes] [main] iguration$LoadBalancerCaffeineWarnLogger : Spring Cloud LoadBalancer is currently working with the default cache. While this cache implementation is useful for development and tests, it's recommended to use Caffeine cache in production.You can switch to using Caffeine cache, by adding it and org.springframework.cache.caffeine.CaffeineCacheManager to the classpath.
2024-12-20T17:41:49.858-03:00  INFO 32428 --- [msclientes] [main] o.s.b.a.e.web.EndpointLinksResolver      : Exposing 1 endpoint beneath base path '/actuator'
2024-12-20T17:41:49.948-03:00  INFO 32428 --- [msclientes] [main] i.g.m.m.MsclientesApplicationTests       : Started MsclientesApplicationTests in 5.655 seconds (process running for 6.684)
2024-12-20T17:41:50.471-03:00  INFO 32428 --- [msclientes] [SpringApplicationShutdownHook] o.s.c.n.eureka.InstanceInfoFactory       : Setting initial instance status as: STARTING
2024-12-20T17:41:50.474-03:00  INFO 32428 --- [msclientes] [SpringApplicationShutdownHook] o.s.c.n.e.s.EurekaServiceRegistry        : Unregistering application MSCLIENTES with eureka with status DOWN
2024-12-20T17:41:50.479-03:00  INFO 32428 --- [msclientes] [SpringApplicationShutdownHook] j.LocalContainerEntityManagerFactoryBean : Closing JPA EntityManagerFactory for persistence unit 'default'
2024-12-20T17:41:50.482-03:00  INFO 32428 --- [msclientes] [SpringApplicationShutdownHook] com.zaxxer.hikari.HikariDataSource       : HikariPool-1 - Shutdown initiated...
2024-12-20T17:41:50.485-03:00  INFO 32428 --- [msclientes] [SpringApplicationShutdownHook] com.zaxxer.hikari.HikariDataSource       : HikariPool-1 - Shutdown completed.
2024-12-20T17:43:42.678-03:00  INFO 31328 --- [msclientes] [main] i.g.m.m.MsclientesApplicationTests       : Starting MsclientesApplicationTests using Java 17.0.10 with PID 31328 (started by pc in C:\Users\pc\Desktop\Compass\Mensageria e Spring Cloud\projeto-micro-servicos\msclientes)
2024-12-20T17:43:42.680-03:00  INFO 31328 --- [msclientes] [main] i.g.m.m.MsclientesApplicationTests       : No active profile set, falling back to 1 default profile: "default"
2024-12-20T17:43:43.667-03:00  INFO 31328 --- [msclientes] [main] .s.d.r.c.RepositoryConfigurationDelegate : Bootstrapping Spring Data JPA repositories in DEFAULT mode.
2024-12-20T17:43:43.807-03:00  INFO 31328 --- [msclientes] [main] .s.d.r.c.RepositoryConfigurationDelegate : Finished Spring Data repository scanning in 130 ms. Found 1 JPA repository interface.
2024-12-20T17:43:44.032-03:00  INFO 31328 --- [msclientes] [main] o.s.cloud.context.scope.GenericScope     : BeanFactory id=fd71119a-d10a-38f4-bcb9-e256ce1cb413
2024-12-20T17:43:44.522-03:00  INFO 31328 --- [msclientes] [main] com.zaxxer.hikari.HikariDataSource       : HikariPool-1 - Starting...
2024-12-20T17:43:44.723-03:00  INFO 31328 --- [msclientes] [main] com.zaxxer.hikari.pool.HikariPool        : HikariPool-1 - Added connection conn0: url=jdbc:h2:mem:10a1a15c-a9e4-4ae7-b53c-db302a165510 user=SA
2024-12-20T17:43:44.725-03:00  INFO 31328 --- [msclientes] [main] com.zaxxer.hikari.HikariDataSource       : HikariPool-1 - Start completed.
2024-12-20T17:43:44.815-03:00  INFO 31328 --- [msclientes] [main] o.hibernate.jpa.internal.util.LogHelper  : HHH000204: Processing PersistenceUnitInfo [name: default]
2024-12-20T17:43:44.898-03:00  INFO 31328 --- [msclientes] [main] org.hibernate.Version                    : HHH000412: Hibernate ORM core version 6.6.2.Final
2024-12-20T17:43:44.941-03:00  INFO 31328 --- [msclientes] [main] o.h.c.internal.RegionFactoryInitiator    : HHH000026: Second-level cache disabled
2024-12-20T17:43:45.232-03:00  INFO 31328 --- [msclientes] [main] o.s.o.j.p.SpringPersistenceUnitInfo      : No LoadTimeWeaver setup: ignoring JPA class transformer
2024-12-20T17:43:45.311-03:00  INFO 31328 --- [msclientes] [main] org.hibernate.orm.connections.pooling    : HHH10001005: Database info:
	Database JDBC URL [Connecting through datasource 'HikariDataSource (HikariPool-1)']
	Database driver: undefined/unknown
	Database version: 2.3.232
	Autocommit mode: undefined/unknown
	Isolation level: undefined/unknown
	Minimum pool size: undefined/unknown
	Maximum pool size: undefined/unknown
2024-12-20T17:43:45.998-03:00  INFO 31328 --- [msclientes] [main] o.h.e.t.j.p.i.JtaPlatformInitiator       : HHH000489: No JTA platform available (set 'hibernate.transaction.jta.platform' to enable JTA platform integration)
2024-12-20T17:43:46.028-03:00  INFO 31328 --- [msclientes] [main] j.LocalContainerEntityManagerFactoryBean : Initialized JPA EntityManagerFactory for persistence unit 'default'
2024-12-20T17:43:46.543-03:00  WARN 31328 --- [msclientes] [main] JpaBaseConfiguration$JpaWebConfiguration : spring.jpa.open-in-view is enabled by default. Therefore, database queries may be performed during view rendering. Explicitly configure spring.jpa.open-in-view to disable this warning
2024-12-20T17:43:47.648-03:00  INFO 31328 --- [msclientes] [main] DiscoveryClientOptionalArgsConfiguration : Eureka HTTP Client uses RestTemplate.
2024-12-20T17:43:47.722-03:00  WARN 31328 --- [msclientes] [main] iguration$LoadBalancerCaffeineWarnLogger : Spring Cloud LoadBalancer is currently working with the default cache. While this cache implementation is useful for development and tests, it's recommended to use Caffeine cache in production.You can switch to using Caffeine cache, by adding it and org.springframework.cache.caffeine.CaffeineCacheManager to the classpath.
2024-12-20T17:43:47.733-03:00  INFO 31328 --- [msclientes] [main] o.s.b.a.e.web.EndpointLinksResolver      : Exposing 1 endpoint beneath base path '/actuator'
2024-12-20T17:43:47.821-03:00  INFO 31328 --- [msclientes] [main] i.g.m.m.MsclientesApplicationTests       : Started MsclientesApplicationTests in 5.595 seconds (process running for 6.642)
2024-12-20T17:43:48.297-03:00  INFO 31328 --- [msclientes] [SpringApplicationShutdownHook] o.s.c.n.eureka.InstanceInfoFactory       : Setting initial instance status as: STARTING
2024-12-20T17:43:48.299-03:00  INFO 31328 --- [msclientes] [SpringApplicationShutdownHook] o.s.c.n.e.s.EurekaServiceRegistry        : Unregistering application MSCLIENTES with eureka with status DOWN
2024-12-20T17:43:48.304-03:00  INFO 31328 --- [msclientes] [SpringApplicationShutdownHook] j.LocalContainerEntityManagerFactoryBean : Closing JPA EntityManagerFactory for persistence unit 'default'
2024-12-20T17:43:48.307-03:00  INFO 31328 --- [msclientes] [SpringApplicationShutdownHook] com.zaxxer.hikari.HikariDataSource       : HikariPool-1 - Shutdown initiated...
2024-12-20T17:43:48.311-03:00  INFO 31328 --- [msclientes] [SpringApplicationShutdownHook] com.zaxxer.hikari.HikariDataSource       : HikariPool-1 - Shutdown completed.
