2024-12-20T17:33:35.450-03:00  INFO 30004 --- [msavaliadorcredito] [main] i.g.m.AvaliadorDeCreditoApplicationTests : Starting AvaliadorDeCreditoApplicationTests using Java 17.0.10 with PID 30004 (started by pc in C:\Users\pc\Desktop\Compass\Mensageria e Spring Cloud\projeto-micro-servicos\Avaliador de Credito)
2024-12-20T17:33:35.452-03:00  INFO 30004 --- [msavaliadorcredito] [main] i.g.m.AvaliadorDeCreditoApplicationTests : No active profile set, falling back to 1 default profile: "default"
2024-12-20T17:33:36.716-03:00  INFO 30004 --- [msavaliadorcredito] [main] o.s.cloud.context.scope.GenericScope     : BeanFactory id=31c5c7a8-5e09-3b21-8417-9a940f60bb33
2024-12-20T17:33:37.171-03:00  INFO 30004 --- [msavaliadorcredito] [main] o.s.c.openfeign.FeignClientFactoryBean   : For 'msclientes' URL not provided. Will try picking an instance via load-balancing.
2024-12-20T17:33:37.249-03:00  INFO 30004 --- [msavaliadorcredito] [main] o.s.c.openfeign.FeignClientFactoryBean   : For 'mscartoes' URL not provided. Will try picking an instance via load-balancing.
2024-12-20T17:33:38.495-03:00  INFO 30004 --- [msavaliadorcredito] [main] DiscoveryClientOptionalArgsConfiguration : Eureka HTTP Client uses RestTemplate.
2024-12-20T17:33:38.559-03:00  WARN 30004 --- [msavaliadorcredito] [main] iguration$LoadBalancerCaffeineWarnLogger : Spring Cloud LoadBalancer is currently working with the default cache. While this cache implementation is useful for development and tests, it's recommended to use Caffeine cache in production.You can switch to using Caffeine cache, by adding it and org.springframework.cache.caffeine.CaffeineCacheManager to the classpath.
2024-12-20T17:33:38.579-03:00  INFO 30004 --- [msavaliadorcredito] [main] o.s.b.a.e.web.EndpointLinksResolver      : Exposing 1 endpoint beneath base path '/actuator'
2024-12-20T17:33:38.640-03:00  INFO 30004 --- [msavaliadorcredito] [main] i.g.m.AvaliadorDeCreditoApplicationTests : Started AvaliadorDeCreditoApplicationTests in 3.631 seconds (process running for 4.839)
2024-12-20T17:33:39.607-03:00  INFO 30004 --- [msavaliadorcredito] [SpringApplicationShutdownHook] o.s.c.n.eureka.InstanceInfoFactory       : Setting initial instance status as: STARTING
2024-12-20T17:33:39.609-03:00  INFO 30004 --- [msavaliadorcredito] [SpringApplicationShutdownHook] o.s.c.n.e.s.EurekaServiceRegistry        : Unregistering application MSAVALIADORCREDITO with eureka with status DOWN
2024-12-20T17:39:15.136-03:00  INFO 8084 --- [msavaliadorcredito] [main] i.g.m.AvaliadorDeCreditoApplicationTests : Starting AvaliadorDeCreditoApplicationTests using Java 17.0.10 with PID 8084 (started by pc in C:\Users\pc\Desktop\Compass\Mensageria e Spring Cloud\projeto-micro-servicos\Avaliador de Credito)
2024-12-20T17:39:15.138-03:00  INFO 8084 --- [msavaliadorcredito] [main] i.g.m.AvaliadorDeCreditoApplicationTests : No active profile set, falling back to 1 default profile: "default"
2024-12-20T17:39:16.411-03:00  INFO 8084 --- [msavaliadorcredito] [main] o.s.cloud.context.scope.GenericScope     : BeanFactory id=31c5c7a8-5e09-3b21-8417-9a940f60bb33
2024-12-20T17:39:16.916-03:00  INFO 8084 --- [msavaliadorcredito] [main] o.s.c.openfeign.FeignClientFactoryBean   : For 'msclientes' URL not provided. Will try picking an instance via load-balancing.
2024-12-20T17:39:16.998-03:00  INFO 8084 --- [msavaliadorcredito] [main] o.s.c.openfeign.FeignClientFactoryBean   : For 'mscartoes' URL not provided. Will try picking an instance via load-balancing.
2024-12-20T17:39:18.169-03:00  INFO 8084 --- [msavaliadorcredito] [main] DiscoveryClientOptionalArgsConfiguration : Eureka HTTP Client uses RestTemplate.
2024-12-20T17:39:18.197-03:00  WARN 8084 --- [msavaliadorcredito] [main] iguration$LoadBalancerCaffeineWarnLogger : Spring Cloud LoadBalancer is currently working with the default cache. While this cache implementation is useful for development and tests, it's recommended to use Caffeine cache in production.You can switch to using Caffeine cache, by adding it and org.springframework.cache.caffeine.CaffeineCacheManager to the classpath.
2024-12-20T17:39:18.211-03:00  INFO 8084 --- [msavaliadorcredito] [main] o.s.b.a.e.web.EndpointLinksResolver      : Exposing 1 endpoint beneath base path '/actuator'
2024-12-20T17:39:18.265-03:00  INFO 8084 --- [msavaliadorcredito] [main] i.g.m.AvaliadorDeCreditoApplicationTests : Started AvaliadorDeCreditoApplicationTests in 3.585 seconds (process running for 4.83)
2024-12-20T17:39:19.172-03:00  INFO 8084 --- [msavaliadorcredito] [SpringApplicationShutdownHook] o.s.c.n.eureka.InstanceInfoFactory       : Setting initial instance status as: STARTING
2024-12-20T17:39:19.174-03:00  INFO 8084 --- [msavaliadorcredito] [SpringApplicationShutdownHook] o.s.c.n.e.s.EurekaServiceRegistry        : Unregistering application MSAVALIADORCREDITO with eureka with status DOWN
2024-12-20T17:41:16.200-03:00  INFO 32432 --- [msavaliadorcredito] [main] i.g.m.AvaliadorDeCreditoApplicationTests : Starting AvaliadorDeCreditoApplicationTests using Java 17.0.10 with PID 32432 (started by pc in C:\Users\pc\Desktop\Compass\Mensageria e Spring Cloud\projeto-micro-servicos\Avaliador de Credito)
2024-12-20T17:41:16.202-03:00  INFO 32432 --- [msavaliadorcredito] [main] i.g.m.AvaliadorDeCreditoApplicationTests : No active profile set, falling back to 1 default profile: "default"
2024-12-20T17:41:17.404-03:00  INFO 32432 --- [msavaliadorcredito] [main] o.s.cloud.context.scope.GenericScope     : BeanFactory id=31c5c7a8-5e09-3b21-8417-9a940f60bb33
2024-12-20T17:41:17.866-03:00  INFO 32432 --- [msavaliadorcredito] [main] o.s.c.openfeign.FeignClientFactoryBean   : For 'msclientes' URL not provided. Will try picking an instance via load-balancing.
2024-12-20T17:41:17.931-03:00  INFO 32432 --- [msavaliadorcredito] [main] o.s.c.openfeign.FeignClientFactoryBean   : For 'mscartoes' URL not provided. Will try picking an instance via load-balancing.
2024-12-20T17:41:18.977-03:00  INFO 32432 --- [msavaliadorcredito] [main] DiscoveryClientOptionalArgsConfiguration : Eureka HTTP Client uses RestTemplate.
2024-12-20T17:41:19.005-03:00  WARN 32432 --- [msavaliadorcredito] [main] iguration$LoadBalancerCaffeineWarnLogger : Spring Cloud LoadBalancer is currently working with the default cache. While this cache implementation is useful for development and tests, it's recommended to use Caffeine cache in production.You can switch to using Caffeine cache, by adding it and org.springframework.cache.caffeine.CaffeineCacheManager to the classpath.
2024-12-20T17:41:19.017-03:00  INFO 32432 --- [msavaliadorcredito] [main] o.s.b.a.e.web.EndpointLinksResolver      : Exposing 1 endpoint beneath base path '/actuator'
2024-12-20T17:41:19.072-03:00  INFO 32432 --- [msavaliadorcredito] [main] i.g.m.AvaliadorDeCreditoApplicationTests : Started AvaliadorDeCreditoApplicationTests in 3.298 seconds (process running for 4.367)
2024-12-20T17:41:19.914-03:00  INFO 32432 --- [msavaliadorcredito] [SpringApplicationShutdownHook] o.s.c.n.eureka.InstanceInfoFactory       : Setting initial instance status as: STARTING
2024-12-20T17:41:19.916-03:00  INFO 32432 --- [msavaliadorcredito] [SpringApplicationShutdownHook] o.s.c.n.e.s.EurekaServiceRegistry        : Unregistering application MSAVALIADORCREDITO with eureka with status DOWN
2024-12-20T17:43:13.226-03:00  INFO 11260 --- [msavaliadorcredito] [main] i.g.m.AvaliadorDeCreditoApplicationTests : Starting AvaliadorDeCreditoApplicationTests using Java 17.0.10 with PID 11260 (started by pc in C:\Users\pc\Desktop\Compass\Mensageria e Spring Cloud\projeto-micro-servicos\Avaliador de Credito)
2024-12-20T17:43:13.228-03:00  INFO 11260 --- [msavaliadorcredito] [main] i.g.m.AvaliadorDeCreditoApplicationTests : No active profile set, falling back to 1 default profile: "default"
2024-12-20T17:43:14.460-03:00  INFO 11260 --- [msavaliadorcredito] [main] o.s.cloud.context.scope.GenericScope     : BeanFactory id=31c5c7a8-5e09-3b21-8417-9a940f60bb33
2024-12-20T17:43:14.910-03:00  INFO 11260 --- [msavaliadorcredito] [main] o.s.c.openfeign.FeignClientFactoryBean   : For 'msclientes' URL not provided. Will try picking an instance via load-balancing.
2024-12-20T17:43:14.981-03:00  INFO 11260 --- [msavaliadorcredito] [main] o.s.c.openfeign.FeignClientFactoryBean   : For 'mscartoes' URL not provided. Will try picking an instance via load-balancing.
2024-12-20T17:43:16.091-03:00  INFO 11260 --- [msavaliadorcredito] [main] DiscoveryClientOptionalArgsConfiguration : Eureka HTTP Client uses RestTemplate.
2024-12-20T17:43:16.120-03:00  WARN 11260 --- [msavaliadorcredito] [main] iguration$LoadBalancerCaffeineWarnLogger : Spring Cloud LoadBalancer is currently working with the default cache. While this cache implementation is useful for development and tests, it's recommended to use Caffeine cache in production.You can switch to using Caffeine cache, by adding it and org.springframework.cache.caffeine.CaffeineCacheManager to the classpath.
2024-12-20T17:43:16.133-03:00  INFO 11260 --- [msavaliadorcredito] [main] o.s.b.a.e.web.EndpointLinksResolver      : Exposing 1 endpoint beneath base path '/actuator'
2024-12-20T17:43:16.186-03:00  INFO 11260 --- [msavaliadorcredito] [main] i.g.m.AvaliadorDeCreditoApplicationTests : Started AvaliadorDeCreditoApplicationTests in 3.37 seconds (process running for 4.444)
2024-12-20T17:43:17.015-03:00  INFO 11260 --- [msavaliadorcredito] [SpringApplicationShutdownHook] o.s.c.n.eureka.InstanceInfoFactory       : Setting initial instance status as: STARTING
2024-12-20T17:43:17.017-03:00  INFO 11260 --- [msavaliadorcredito] [SpringApplicationShutdownHook] o.s.c.n.e.s.EurekaServiceRegistry        : Unregistering application MSAVALIADORCREDITO with eureka with status DOWN
